2022-05-15 14:05:140 INFO  HomePage :63 - Clicking on Sign In [[ChromeDriver: chrome on WINDOWS (0f4e425de872fdd0913a5f90848e9984)] -> xpath: //a[contains(text(),'Sign in')]]
2022-05-15 14:05:161 INFO  HomePage :83 - Getting Page Header[[ChromeDriver: chrome on WINDOWS (0f4e425de872fdd0913a5f90848e9984)] -> xpath: //h1[contains(text(),'Authentication')]]
2022-05-15 14:05:316 INFO  HomePage :63 - Clicking on Sign In [[ChromeDriver: chrome on WINDOWS (2f8495ef27d927d90c375d9ef9ef2abd)] -> xpath: //a[contains(text(),'Sign in')]]
2022-05-15 14:05:472 INFO  HomePage :64 - Sending Password 123456 to [[ChromeDriver: chrome on WINDOWS (2f8495ef27d927d90c375d9ef9ef2abd)] -> xpath: //input[@id='passwd']]
2022-05-15 14:05:213 INFO  HomePage :69 - Clicking on Sign IN [[ChromeDriver: chrome on WINDOWS (2f8495ef27d927d90c375d9ef9ef2abd)] -> xpath: //button[@id='SubmitLogin']]
2022-05-15 14:05:230 INFO  HomePage :93 - Getting Error Message[[ChromeDriver: chrome on WINDOWS (2f8495ef27d927d90c375d9ef9ef2abd)] -> xpath: //div[@class='alert alert-danger']//li]
2022-05-15 14:05:532 INFO  HomePage :63 - Clicking on Sign In [[ChromeDriver: chrome on WINDOWS (34f3cd991a7e9ebea14b7f874e97161d)] -> xpath: //a[contains(text(),'Sign in')]]
2022-05-15 14:05:682 INFO  HomePage :64 - Sending Password  to [[ChromeDriver: chrome on WINDOWS (34f3cd991a7e9ebea14b7f874e97161d)] -> xpath: //input[@id='passwd']]
2022-05-15 14:05:667 INFO  HomePage :69 - Clicking on Sign IN [[ChromeDriver: chrome on WINDOWS (34f3cd991a7e9ebea14b7f874e97161d)] -> xpath: //button[@id='SubmitLogin']]
2022-05-15 14:05:684 INFO  HomePage :93 - Getting Error Message[[ChromeDriver: chrome on WINDOWS (34f3cd991a7e9ebea14b7f874e97161d)] -> xpath: //div[@class='alert alert-danger']//li]
2022-05-15 14:05:397 INFO  HomePage :63 - Clicking on Sign In [[ChromeDriver: chrome on WINDOWS (d19f1d8d5a690286f0ab77a8bf012fd1)] -> xpath: //a[contains(text(),'Sign in')]]
2022-05-15 14:05:543 INFO  HomePage :64 - Sending Password 123456 to [[ChromeDriver: chrome on WINDOWS (d19f1d8d5a690286f0ab77a8bf012fd1)] -> xpath: //input[@id='passwd']]
2022-05-15 14:05:270 INFO  HomePage :69 - Clicking on Sign IN [[ChromeDriver: chrome on WINDOWS (d19f1d8d5a690286f0ab77a8bf012fd1)] -> xpath: //button[@id='SubmitLogin']]
2022-05-15 14:05:287 INFO  HomePage :93 - Getting Error Message[[ChromeDriver: chrome on WINDOWS (d19f1d8d5a690286f0ab77a8bf012fd1)] -> xpath: //div[@class='alert alert-danger']//li]
2022-05-15 14:05:537 INFO  HomePage :63 - Clicking on Sign In [[ChromeDriver: chrome on WINDOWS (d3ad77b5a4a1bccd4c66685687b2432e)] -> xpath: //a[contains(text(),'Sign in')]]
2022-05-15 14:05:705 INFO  HomePage :64 - Sending Password 123456 to [[ChromeDriver: chrome on WINDOWS (d3ad77b5a4a1bccd4c66685687b2432e)] -> xpath: //input[@id='passwd']]
2022-05-15 14:05:904 INFO  HomePage :69 - Clicking on Sign IN [[ChromeDriver: chrome on WINDOWS (d3ad77b5a4a1bccd4c66685687b2432e)] -> xpath: //button[@id='SubmitLogin']]
2022-05-15 14:05:918 INFO  HomePage :93 - Getting Error Message[[ChromeDriver: chrome on WINDOWS (d3ad77b5a4a1bccd4c66685687b2432e)] -> xpath: //div[@class='alert alert-danger']//li]
2022-05-15 14:05:351 INFO  HomePage :63 - Clicking on Sign In [[ChromeDriver: chrome on WINDOWS (f8f90323d4d86ca6242f0dfcfd20df24)] -> xpath: //a[contains(text(),'Sign in')]]
2022-05-15 14:05:512 INFO  HomePage :64 - Sending Password Password123 to [[ChromeDriver: chrome on WINDOWS (f8f90323d4d86ca6242f0dfcfd20df24)] -> xpath: //input[@id='passwd']]
2022-05-15 14:05:982 INFO  HomePage :63 - Clicking on Sign In [[ChromeDriver: chrome on WINDOWS (cec48f274440894c404c6bbd4a6f7bdc)] -> xpath: //a[contains(text(),'Sign in')]]
2022-05-15 14:05:155 INFO  HomePage :64 - Sending Password Password123 to [[ChromeDriver: chrome on WINDOWS (cec48f274440894c404c6bbd4a6f7bdc)] -> xpath: //input[@id='passwd']]
2022-05-15 14:05:171 INFO  HomePage :73 - Getting text of Sign IN [[ChromeDriver: chrome on WINDOWS (cec48f274440894c404c6bbd4a6f7bdc)] -> xpath: //button[@id='SubmitLogin']]
2022-05-15 14:05:881 INFO  HomePage :63 - Clicking on Sign In [[ChromeDriver: chrome on WINDOWS (af63b9473409c9c14af97685420a7593)] -> xpath: //a[contains(text(),'Sign in')]]
2022-05-15 14:05:902 INFO  HomePage :83 - Getting Page Header[[ChromeDriver: chrome on WINDOWS (af63b9473409c9c14af97685420a7593)] -> xpath: //h1[contains(text(),'Authentication')]]
2022-05-15 14:05:376 INFO  HomePage :63 - Clicking on Sign In [[ChromeDriver: chrome on WINDOWS (0dec7d7f559cc383677e06b4e3cd5e79)] -> xpath: //a[contains(text(),'Sign in')]]
2022-05-15 14:05:508 INFO  HomePage :64 - Sending Password 123456 to [[ChromeDriver: chrome on WINDOWS (0dec7d7f559cc383677e06b4e3cd5e79)] -> xpath: //input[@id='passwd']]
2022-05-15 14:05:692 INFO  HomePage :69 - Clicking on Sign IN [[ChromeDriver: chrome on WINDOWS (0dec7d7f559cc383677e06b4e3cd5e79)] -> xpath: //button[@id='SubmitLogin']]
2022-05-15 14:05:706 INFO  HomePage :93 - Getting Error Message[[ChromeDriver: chrome on WINDOWS (0dec7d7f559cc383677e06b4e3cd5e79)] -> xpath: //div[@class='alert alert-danger']//li]
2022-05-15 14:05:633 INFO  HomePage :63 - Clicking on Sign In [[ChromeDriver: chrome on WINDOWS (75cf6917976b5da6f91f9990dda25782)] -> xpath: //a[contains(text(),'Sign in')]]
2022-05-15 14:05:769 INFO  HomePage :64 - Sending Password  to [[ChromeDriver: chrome on WINDOWS (75cf6917976b5da6f91f9990dda25782)] -> xpath: //input[@id='passwd']]
2022-05-15 14:05:352 INFO  HomePage :69 - Clicking on Sign IN [[ChromeDriver: chrome on WINDOWS (75cf6917976b5da6f91f9990dda25782)] -> xpath: //button[@id='SubmitLogin']]
2022-05-15 14:05:370 INFO  HomePage :93 - Getting Error Message[[ChromeDriver: chrome on WINDOWS (75cf6917976b5da6f91f9990dda25782)] -> xpath: //div[@class='alert alert-danger']//li]
2022-05-15 14:05:364 INFO  HomePage :63 - Clicking on Sign In [[ChromeDriver: chrome on WINDOWS (8a83e6a89c223e0a9c3c9a0465de41fb)] -> xpath: //a[contains(text(),'Sign in')]]
2022-05-15 14:05:500 INFO  HomePage :64 - Sending Password 123456 to [[ChromeDriver: chrome on WINDOWS (8a83e6a89c223e0a9c3c9a0465de41fb)] -> xpath: //input[@id='passwd']]
2022-05-15 14:05:766 INFO  HomePage :69 - Clicking on Sign IN [[ChromeDriver: chrome on WINDOWS (8a83e6a89c223e0a9c3c9a0465de41fb)] -> xpath: //button[@id='SubmitLogin']]
2022-05-15 14:05:780 INFO  HomePage :93 - Getting Error Message[[ChromeDriver: chrome on WINDOWS (8a83e6a89c223e0a9c3c9a0465de41fb)] -> xpath: //div[@class='alert alert-danger']//li]
2022-05-15 14:05:567 INFO  HomePage :63 - Clicking on Sign In [[ChromeDriver: chrome on WINDOWS (e63ffd80c4c5e802d74a732b8cab9cda)] -> xpath: //a[contains(text(),'Sign in')]]
2022-05-15 14:05:706 INFO  HomePage :64 - Sending Password 123456 to [[ChromeDriver: chrome on WINDOWS (e63ffd80c4c5e802d74a732b8cab9cda)] -> xpath: //input[@id='passwd']]
2022-05-15 14:05:104 INFO  HomePage :69 - Clicking on Sign IN [[ChromeDriver: chrome on WINDOWS (e63ffd80c4c5e802d74a732b8cab9cda)] -> xpath: //button[@id='SubmitLogin']]
2022-05-15 14:05:119 INFO  HomePage :93 - Getting Error Message[[ChromeDriver: chrome on WINDOWS (e63ffd80c4c5e802d74a732b8cab9cda)] -> xpath: //div[@class='alert alert-danger']//li]
2022-05-15 14:05:288 INFO  HomePage :63 - Clicking on Sign In [[ChromeDriver: chrome on WINDOWS (ba989fef5bd64e19d16f360b740bf5c6)] -> xpath: //a[contains(text(),'Sign in')]]
2022-05-15 14:05:440 INFO  HomePage :64 - Sending Password Password123 to [[ChromeDriver: chrome on WINDOWS (ba989fef5bd64e19d16f360b740bf5c6)] -> xpath: //input[@id='passwd']]
2022-05-15 14:05:424 INFO  HomePage :69 - Clicking on Sign IN [[ChromeDriver: chrome on WINDOWS (ba989fef5bd64e19d16f360b740bf5c6)] -> xpath: //button[@id='SubmitLogin']]
2022-05-15 14:05:396 INFO  HomePage :63 - Clicking on Sign In [[ChromeDriver: chrome on WINDOWS (5da5f79af336867a08b78ab564dbf3ec)] -> xpath: //a[contains(text(),'Sign in')]]
2022-05-15 14:05:547 INFO  HomePage :64 - Sending Password Password123 to [[ChromeDriver: chrome on WINDOWS (5da5f79af336867a08b78ab564dbf3ec)] -> xpath: //input[@id='passwd']]
2022-05-15 14:05:256 INFO  HomePage :69 - Clicking on Sign IN [[ChromeDriver: chrome on WINDOWS (5da5f79af336867a08b78ab564dbf3ec)] -> xpath: //button[@id='SubmitLogin']]
2022-05-15 14:05:307 INFO  HomePage :73 - Getting text of Sign IN Proxy element for: DefaultElementLocator 'By.xpath: //button[@id='SubmitLogin']'
2022-05-15 14:05:842 INFO  HomePage :63 - Clicking on Sign In [[ChromeDriver: chrome on WINDOWS (98cc842f0e9baaf7d50d4449f2e193bf)] -> xpath: //a[contains(text(),'Sign in')]]
2022-05-15 14:05:864 INFO  HomePage :83 - Getting Page Header[[ChromeDriver: chrome on WINDOWS (98cc842f0e9baaf7d50d4449f2e193bf)] -> xpath: //h1[contains(text(),'Authentication')]]
2022-05-15 14:05:462 INFO  HomePage :63 - Clicking on Sign In [[ChromeDriver: chrome on WINDOWS (22319eac1063560ce117cfdd48357a3a)] -> xpath: //a[contains(text(),'Sign in')]]
2022-05-15 14:05:589 INFO  HomePage :64 - Sending Password 123456 to [[ChromeDriver: chrome on WINDOWS (22319eac1063560ce117cfdd48357a3a)] -> xpath: //input[@id='passwd']]
2022-05-15 14:05:592 INFO  HomePage :69 - Clicking on Sign IN [[ChromeDriver: chrome on WINDOWS (22319eac1063560ce117cfdd48357a3a)] -> xpath: //button[@id='SubmitLogin']]
2022-05-15 14:05:606 INFO  HomePage :93 - Getting Error Message[[ChromeDriver: chrome on WINDOWS (22319eac1063560ce117cfdd48357a3a)] -> xpath: //div[@class='alert alert-danger']//li]
2022-05-15 14:05:627 INFO  HomePage :63 - Clicking on Sign In [[ChromeDriver: chrome on WINDOWS (20b3222754501b5203c2f0f8c7fefdbb)] -> xpath: //a[contains(text(),'Sign in')]]
2022-05-15 14:05:765 INFO  HomePage :64 - Sending Password  to [[ChromeDriver: chrome on WINDOWS (20b3222754501b5203c2f0f8c7fefdbb)] -> xpath: //input[@id='passwd']]
2022-05-15 14:05:331 INFO  HomePage :69 - Clicking on Sign IN [[ChromeDriver: chrome on WINDOWS (20b3222754501b5203c2f0f8c7fefdbb)] -> xpath: //button[@id='SubmitLogin']]
2022-05-15 14:05:349 INFO  HomePage :93 - Getting Error Message[[ChromeDriver: chrome on WINDOWS (20b3222754501b5203c2f0f8c7fefdbb)] -> xpath: //div[@class='alert alert-danger']//li]
2022-05-15 14:05:785 INFO  HomePage :63 - Clicking on Sign In [[ChromeDriver: chrome on WINDOWS (c55dbb6b969845c97fe333b39a073812)] -> xpath: //a[contains(text(),'Sign in')]]
2022-05-15 14:05:931 INFO  HomePage :64 - Sending Password 123456 to [[ChromeDriver: chrome on WINDOWS (c55dbb6b969845c97fe333b39a073812)] -> xpath: //input[@id='passwd']]
2022-05-15 14:05:463 INFO  HomePage :69 - Clicking on Sign IN [[ChromeDriver: chrome on WINDOWS (c55dbb6b969845c97fe333b39a073812)] -> xpath: //button[@id='SubmitLogin']]
2022-05-15 14:05:476 INFO  HomePage :93 - Getting Error Message[[ChromeDriver: chrome on WINDOWS (c55dbb6b969845c97fe333b39a073812)] -> xpath: //div[@class='alert alert-danger']//li]
2022-05-15 14:05:709 INFO  HomePage :63 - Clicking on Sign In [[ChromeDriver: chrome on WINDOWS (f5f1fabbd0a5cf23bbcc5dcc2805fe73)] -> xpath: //a[contains(text(),'Sign in')]]
2022-05-15 14:05:859 INFO  HomePage :64 - Sending Password 123456 to [[ChromeDriver: chrome on WINDOWS (f5f1fabbd0a5cf23bbcc5dcc2805fe73)] -> xpath: //input[@id='passwd']]
2022-05-15 14:05:648 INFO  HomePage :69 - Clicking on Sign IN [[ChromeDriver: chrome on WINDOWS (f5f1fabbd0a5cf23bbcc5dcc2805fe73)] -> xpath: //button[@id='SubmitLogin']]
2022-05-15 14:05:663 INFO  HomePage :93 - Getting Error Message[[ChromeDriver: chrome on WINDOWS (f5f1fabbd0a5cf23bbcc5dcc2805fe73)] -> xpath: //div[@class='alert alert-danger']//li]
2022-05-15 14:05:899 INFO  HomePage :63 - Clicking on Sign In [[ChromeDriver: chrome on WINDOWS (8de5d5bd955ad3099ce94355e3437b3e)] -> xpath: //a[contains(text(),'Sign in')]]
2022-05-15 14:05:53 INFO  HomePage :64 - Sending Password Password123 to [[ChromeDriver: chrome on WINDOWS (8de5d5bd955ad3099ce94355e3437b3e)] -> xpath: //input[@id='passwd']]
2022-05-15 14:05:557 INFO  HomePage :69 - Clicking on Sign IN [[ChromeDriver: chrome on WINDOWS (8de5d5bd955ad3099ce94355e3437b3e)] -> xpath: //button[@id='SubmitLogin']]
2022-05-15 14:05:18 INFO  HomePage :63 - Clicking on Sign In [[ChromeDriver: chrome on WINDOWS (4ea49ef0863d26d38089ee1375d3159d)] -> xpath: //a[contains(text(),'Sign in')]]
2022-05-15 14:05:171 INFO  HomePage :64 - Sending Password Password123 to [[ChromeDriver: chrome on WINDOWS (4ea49ef0863d26d38089ee1375d3159d)] -> xpath: //input[@id='passwd']]
2022-05-15 14:05:719 INFO  HomePage :69 - Clicking on Sign IN [[ChromeDriver: chrome on WINDOWS (4ea49ef0863d26d38089ee1375d3159d)] -> xpath: //button[@id='SubmitLogin']]
2022-05-15 14:05:393 INFO  HomePage :39 - Clicking on SignOut link [[ChromeDriver: chrome on WINDOWS (4ea49ef0863d26d38089ee1375d3159d)] -> xpath: //a[@title='Log me out']]
2022-05-15 14:05:410 INFO  HomePage :73 - Getting text of Sign IN [[ChromeDriver: chrome on WINDOWS (4ea49ef0863d26d38089ee1375d3159d)] -> xpath: //button[@id='SubmitLogin']]
2022-05-15 15:05:707 INFO  HomePage :63 - Clicking on Sign In [[ChromeDriver: chrome on WINDOWS (b58cad988137eeb1ec5c2c27f3ff1a7a)] -> xpath: //a[contains(text(),'Sign in')]]
2022-05-15 15:05:881 INFO  HomePage :79 - Clicking on Create Account[[ChromeDriver: chrome on WINDOWS (b58cad988137eeb1ec5c2c27f3ff1a7a)] -> xpath: //button[@id='SubmitCreate']]
2022-05-15 15:05:308 INFO  HomePage :119 - Clicking on Gender Radio [[ChromeDriver: chrome on WINDOWS (b58cad988137eeb1ec5c2c27f3ff1a7a)] -> xpath: //input[@id='id_gender1']]
2022-05-15 15:05:385 INFO  HomePage :124 - Sending firstname Shankar to [[ChromeDriver: chrome on WINDOWS (b58cad988137eeb1ec5c2c27f3ff1a7a)] -> xpath: //input[@id='customer_firstname']]
2022-05-15 15:05:497 INFO  HomePage :129 - Sending lastname Trivedi to [[ChromeDriver: chrome on WINDOWS (b58cad988137eeb1ec5c2c27f3ff1a7a)] -> xpath: //input[@id='customer_lastname']]
2022-05-15 15:05:588 INFO  HomePage :64 - Sending Password Password123 to [[ChromeDriver: chrome on WINDOWS (b58cad988137eeb1ec5c2c27f3ff1a7a)] -> xpath: //input[@id='passwd']]
2022-05-15 15:05:823 INFO  HomePage :146 - Setting BirthDate  16/7/1978 to [[ChromeDriver: chrome on WINDOWS (b58cad988137eeb1ec5c2c27f3ff1a7a)] -> xpath: //select[@id='days']] [[ChromeDriver: chrome on WINDOWS (b58cad988137eeb1ec5c2c27f3ff1a7a)] -> xpath: //select[@id='months']] [[ChromeDriver: chrome on WINDOWS (b58cad988137eeb1ec5c2c27f3ff1a7a)] -> xpath: //select[@id='years']]
2022-05-15 15:05:919 INFO  HomePage :151 - Clicking on Newsletter checkbox [[ChromeDriver: chrome on WINDOWS (b58cad988137eeb1ec5c2c27f3ff1a7a)] -> xpath: //input[@id='newsletter']]
2022-05-15 15:05:973 INFO  HomePage :156 - Clicking on offer checkbox [[ChromeDriver: chrome on WINDOWS (b58cad988137eeb1ec5c2c27f3ff1a7a)] -> xpath: //input[@id='optin']]
2022-05-15 15:05:36 INFO  HomePage :124 - Sending firstname Shankar to [[ChromeDriver: chrome on WINDOWS (b58cad988137eeb1ec5c2c27f3ff1a7a)] -> xpath: //input[@id='customer_firstname']]
2022-05-15 15:05:95 INFO  HomePage :129 - Sending lastname Trivedi to [[ChromeDriver: chrome on WINDOWS (b58cad988137eeb1ec5c2c27f3ff1a7a)] -> xpath: //input[@id='customer_lastname']]
2022-05-15 15:05:159 INFO  HomePage :161 - Sending firstname Facebook to [[ChromeDriver: chrome on WINDOWS (b58cad988137eeb1ec5c2c27f3ff1a7a)] -> xpath: //input[@id='firstname']]
2022-05-15 15:05:317 INFO  HomePage :177 - Sending Address 11 Golden street 11 Golden street to [[ChromeDriver: chrome on WINDOWS (b58cad988137eeb1ec5c2c27f3ff1a7a)] -> xpath: //input[@id='address1']] [[ChromeDriver: chrome on WINDOWS (b58cad988137eeb1ec5c2c27f3ff1a7a)] -> xpath: //input[@id='address2']]
2022-05-15 15:05:367 INFO  HomePage :197 - Setting Country United States to [[ChromeDriver: chrome on WINDOWS (b58cad988137eeb1ec5c2c27f3ff1a7a)] -> xpath: //select[@id='id_country']]
2022-05-15 15:05:435 INFO  HomePage :187 - setting state Texas to [[ChromeDriver: chrome on WINDOWS (b58cad988137eeb1ec5c2c27f3ff1a7a)] -> xpath: //select[@id='id_state']]
2022-05-15 15:05:494 INFO  HomePage :182 - Sending city Goa to [[ChromeDriver: chrome on WINDOWS (b58cad988137eeb1ec5c2c27f3ff1a7a)] -> xpath: //input[@id='city']]
2022-05-15 15:05:571 INFO  HomePage :202 - Sending additional info not applicable to [[ChromeDriver: chrome on WINDOWS (b58cad988137eeb1ec5c2c27f3ff1a7a)] -> xpath: //textarea[@id='other']]
2022-05-15 15:05:638 INFO  HomePage :207 - Sending homephone 0011 456789123 to [[ChromeDriver: chrome on WINDOWS (b58cad988137eeb1ec5c2c27f3ff1a7a)] -> xpath: //input[@id='phone']]
2022-05-15 15:05:712 INFO  HomePage :212 - Sending mobile 0022 785432419 to [[ChromeDriver: chrome on WINDOWS (b58cad988137eeb1ec5c2c27f3ff1a7a)] -> xpath: //input[@id='phone_mobile']]
2022-05-15 15:05:790 INFO  HomePage :217 - Sending alias shankar_trivedi to [[ChromeDriver: chrome on WINDOWS (b58cad988137eeb1ec5c2c27f3ff1a7a)] -> xpath: //input[@id='alias']]
2022-05-15 15:05:210 INFO  HomePage :222 - Clicking on register button [[ChromeDriver: chrome on WINDOWS (b58cad988137eeb1ec5c2c27f3ff1a7a)] -> xpath: //button[@id='submitAccount']]
2022-05-15 15:05:249 INFO  HomePage :33 - Clicking on login link Proxy element for: DefaultElementLocator 'By.xpath: //h1[contains(text(),'My account')]'
2022-05-15 15:05:268 INFO  HomePage :63 - Clicking on Sign In [[ChromeDriver: chrome on WINDOWS (0c3ace01064aca8e93955e12dc70c641)] -> xpath: //a[contains(text(),'Sign in')]]
2022-05-15 15:05:433 INFO  HomePage :79 - Clicking on Create Account[[ChromeDriver: chrome on WINDOWS (0c3ace01064aca8e93955e12dc70c641)] -> xpath: //button[@id='SubmitCreate']]
2022-05-15 15:05:475 INFO  HomePage :119 - Clicking on Gender Radio [[ChromeDriver: chrome on WINDOWS (0c3ace01064aca8e93955e12dc70c641)] -> xpath: //input[@id='id_gender1']]
2022-05-15 15:05:561 INFO  HomePage :124 - Sending firstname Shankar to [[ChromeDriver: chrome on WINDOWS (0c3ace01064aca8e93955e12dc70c641)] -> xpath: //input[@id='customer_firstname']]
2022-05-15 15:05:647 INFO  HomePage :129 - Sending lastname Trivedi to [[ChromeDriver: chrome on WINDOWS (0c3ace01064aca8e93955e12dc70c641)] -> xpath: //input[@id='customer_lastname']]
2022-05-15 15:05:727 INFO  HomePage :139 - Sending password Password123 to [[ChromeDriver: chrome on WINDOWS (0c3ace01064aca8e93955e12dc70c641)] -> xpath: //input[@id='passwd']]
2022-05-15 15:05:951 INFO  HomePage :146 - Setting BirthDate  16/7/1978 to [[ChromeDriver: chrome on WINDOWS (0c3ace01064aca8e93955e12dc70c641)] -> xpath: //select[@id='days']] [[ChromeDriver: chrome on WINDOWS (0c3ace01064aca8e93955e12dc70c641)] -> xpath: //select[@id='months']] [[ChromeDriver: chrome on WINDOWS (0c3ace01064aca8e93955e12dc70c641)] -> xpath: //select[@id='years']]
2022-05-15 15:05:42 INFO  HomePage :151 - Clicking on Newsletter checkbox [[ChromeDriver: chrome on WINDOWS (0c3ace01064aca8e93955e12dc70c641)] -> xpath: //input[@id='newsletter']]
2022-05-15 15:05:91 INFO  HomePage :156 - Clicking on offer checkbox [[ChromeDriver: chrome on WINDOWS (0c3ace01064aca8e93955e12dc70c641)] -> xpath: //input[@id='optin']]
2022-05-15 15:05:160 INFO  HomePage :161 - Sending firstname Shankar to [[ChromeDriver: chrome on WINDOWS (0c3ace01064aca8e93955e12dc70c641)] -> xpath: //input[@id='firstname']]
2022-05-15 15:05:193 INFO  HomePage :161 - Sending firstname Trivedi to [[ChromeDriver: chrome on WINDOWS (0c3ace01064aca8e93955e12dc70c641)] -> xpath: //input[@id='firstname']]
2022-05-15 15:05:325 INFO  HomePage :177 - Sending Address 11 Golden street 11 Golden street to [[ChromeDriver: chrome on WINDOWS (0c3ace01064aca8e93955e12dc70c641)] -> xpath: //input[@id='address1']] [[ChromeDriver: chrome on WINDOWS (0c3ace01064aca8e93955e12dc70c641)] -> xpath: //input[@id='address2']]
2022-05-15 15:05:372 INFO  HomePage :197 - Setting Country United States to [[ChromeDriver: chrome on WINDOWS (0c3ace01064aca8e93955e12dc70c641)] -> xpath: //select[@id='id_country']]
2022-05-15 15:05:443 INFO  HomePage :187 - setting state Texas to [[ChromeDriver: chrome on WINDOWS (0c3ace01064aca8e93955e12dc70c641)] -> xpath: //select[@id='id_state']]
2022-05-15 15:05:501 INFO  HomePage :182 - Sending city Goa to [[ChromeDriver: chrome on WINDOWS (0c3ace01064aca8e93955e12dc70c641)] -> xpath: //input[@id='city']]
2022-05-15 15:05:572 INFO  HomePage :202 - Sending additional info not applicable to [[ChromeDriver: chrome on WINDOWS (0c3ace01064aca8e93955e12dc70c641)] -> xpath: //textarea[@id='other']]
2022-05-15 15:05:644 INFO  HomePage :207 - Sending homephone 0011 456789123 to [[ChromeDriver: chrome on WINDOWS (0c3ace01064aca8e93955e12dc70c641)] -> xpath: //input[@id='phone']]
2022-05-15 15:05:713 INFO  HomePage :212 - Sending mobile 0022 785432419 to [[ChromeDriver: chrome on WINDOWS (0c3ace01064aca8e93955e12dc70c641)] -> xpath: //input[@id='phone_mobile']]
2022-05-15 15:05:785 INFO  HomePage :217 - Sending alias shankar_trivedi to [[ChromeDriver: chrome on WINDOWS (0c3ace01064aca8e93955e12dc70c641)] -> xpath: //input[@id='alias']]
2022-05-15 15:05:39 INFO  HomePage :222 - Clicking on register button [[ChromeDriver: chrome on WINDOWS (0c3ace01064aca8e93955e12dc70c641)] -> xpath: //button[@id='submitAccount']]
2022-05-15 15:05:64 INFO  HomePage :33 - Clicking on login link Proxy element for: DefaultElementLocator 'By.xpath: //h1[contains(text(),'My account')]'
2022-05-15 16:05:550 INFO  HomePage :63 - Clicking on Sign In [[ChromeDriver: chrome on WINDOWS (95651076bb4667080545f76be5cdbeb4)] -> xpath: //a[contains(text(),'Sign in')]]
2022-05-15 16:05:731 INFO  HomePage :79 - Clicking on Create Account[[ChromeDriver: chrome on WINDOWS (95651076bb4667080545f76be5cdbeb4)] -> xpath: //button[@id='SubmitCreate']]
2022-05-15 16:05:286 INFO  HomePage :119 - Clicking on Gender Radio [[ChromeDriver: chrome on WINDOWS (95651076bb4667080545f76be5cdbeb4)] -> xpath: //input[@id='id_gender1']]
2022-05-15 16:05:378 INFO  HomePage :124 - Sending firstname Shankar to [[ChromeDriver: chrome on WINDOWS (95651076bb4667080545f76be5cdbeb4)] -> xpath: //input[@id='customer_firstname']]
2022-05-15 16:05:473 INFO  HomePage :129 - Sending lastname Trivedi to [[ChromeDriver: chrome on WINDOWS (95651076bb4667080545f76be5cdbeb4)] -> xpath: //input[@id='customer_lastname']]
2022-05-15 16:05:566 INFO  HomePage :139 - Sending password Password123 to [[ChromeDriver: chrome on WINDOWS (95651076bb4667080545f76be5cdbeb4)] -> xpath: //input[@id='passwd']]
2022-05-15 16:05:789 INFO  HomePage :146 - Setting BirthDate  16/7/1978 to [[ChromeDriver: chrome on WINDOWS (95651076bb4667080545f76be5cdbeb4)] -> xpath: //select[@id='days']] [[ChromeDriver: chrome on WINDOWS (95651076bb4667080545f76be5cdbeb4)] -> xpath: //select[@id='months']] [[ChromeDriver: chrome on WINDOWS (95651076bb4667080545f76be5cdbeb4)] -> xpath: //select[@id='years']]
2022-05-15 16:05:887 INFO  HomePage :151 - Clicking on Newsletter checkbox [[ChromeDriver: chrome on WINDOWS (95651076bb4667080545f76be5cdbeb4)] -> xpath: //input[@id='newsletter']]
2022-05-15 16:05:941 INFO  HomePage :156 - Clicking on offer checkbox [[ChromeDriver: chrome on WINDOWS (95651076bb4667080545f76be5cdbeb4)] -> xpath: //input[@id='optin']]
2022-05-15 16:05:04 INFO  HomePage :161 - Sending firstname Shankar to [[ChromeDriver: chrome on WINDOWS (95651076bb4667080545f76be5cdbeb4)] -> xpath: //input[@id='firstname']]
2022-05-15 16:05:46 INFO  HomePage :161 - Sending firstname Trivedi to [[ChromeDriver: chrome on WINDOWS (95651076bb4667080545f76be5cdbeb4)] -> xpath: //input[@id='firstname']]
2022-05-15 16:05:115 INFO  HomePage :171 - Sending company Facebook to [[ChromeDriver: chrome on WINDOWS (95651076bb4667080545f76be5cdbeb4)] -> xpath: //input[@id='company']]
2022-05-15 16:05:273 INFO  HomePage :177 - Sending Address 11 Golden street 11 Golden street to [[ChromeDriver: chrome on WINDOWS (95651076bb4667080545f76be5cdbeb4)] -> xpath: //input[@id='address1']] [[ChromeDriver: chrome on WINDOWS (95651076bb4667080545f76be5cdbeb4)] -> xpath: //input[@id='address2']]
2022-05-15 16:05:318 INFO  HomePage :197 - Setting Country United States to [[ChromeDriver: chrome on WINDOWS (95651076bb4667080545f76be5cdbeb4)] -> xpath: //select[@id='id_country']]
2022-05-15 16:05:387 INFO  HomePage :187 - setting state Texas to [[ChromeDriver: chrome on WINDOWS (95651076bb4667080545f76be5cdbeb4)] -> xpath: //select[@id='id_state']]
2022-05-15 16:05:451 INFO  HomePage :182 - Sending city Goa to [[ChromeDriver: chrome on WINDOWS (95651076bb4667080545f76be5cdbeb4)] -> xpath: //input[@id='city']]
2022-05-15 16:05:526 INFO  HomePage :192 - Sending Postcode 120055 to [[ChromeDriver: chrome on WINDOWS (95651076bb4667080545f76be5cdbeb4)] -> xpath: //input[@id='postcode']]
2022-05-15 16:05:589 INFO  HomePage :202 - Sending additional info not applicable to [[ChromeDriver: chrome on WINDOWS (95651076bb4667080545f76be5cdbeb4)] -> xpath: //textarea[@id='other']]
2022-05-15 16:05:662 INFO  HomePage :207 - Sending homephone 0011 456789123 to [[ChromeDriver: chrome on WINDOWS (95651076bb4667080545f76be5cdbeb4)] -> xpath: //input[@id='phone']]
2022-05-15 16:05:740 INFO  HomePage :212 - Sending mobile 0022 785432419 to [[ChromeDriver: chrome on WINDOWS (95651076bb4667080545f76be5cdbeb4)] -> xpath: //input[@id='phone_mobile']]
2022-05-15 16:05:820 INFO  HomePage :217 - Sending alias shankar_trivedi to [[ChromeDriver: chrome on WINDOWS (95651076bb4667080545f76be5cdbeb4)] -> xpath: //input[@id='alias']]
2022-05-15 16:05:192 INFO  HomePage :222 - Clicking on register button [[ChromeDriver: chrome on WINDOWS (95651076bb4667080545f76be5cdbeb4)] -> xpath: //button[@id='submitAccount']]
2022-05-15 16:05:924 INFO  HomePage :33 - Clicking on login link Proxy element for: DefaultElementLocator 'By.xpath: //h1[contains(text(),'My account')]'
2022-05-15 16:05:160 INFO  HomePage :63 - Clicking on Sign In [[ChromeDriver: chrome on WINDOWS (ac952838665c7a57563d1db63110159f)] -> xpath: //a[contains(text(),'Sign in')]]
2022-05-15 16:05:328 INFO  HomePage :79 - Clicking on Create Account[[ChromeDriver: chrome on WINDOWS (ac952838665c7a57563d1db63110159f)] -> xpath: //button[@id='SubmitCreate']]
2022-05-15 16:05:691 INFO  HomePage :119 - Clicking on Gender Radio [[ChromeDriver: chrome on WINDOWS (ac952838665c7a57563d1db63110159f)] -> xpath: //input[@id='id_gender1']]
2022-05-15 16:05:774 INFO  HomePage :124 - Sending firstname Shankar to [[ChromeDriver: chrome on WINDOWS (ac952838665c7a57563d1db63110159f)] -> xpath: //input[@id='customer_firstname']]
2022-05-15 16:05:862 INFO  HomePage :129 - Sending lastname Trivedi to [[ChromeDriver: chrome on WINDOWS (ac952838665c7a57563d1db63110159f)] -> xpath: //input[@id='customer_lastname']]
2022-05-15 16:05:959 INFO  HomePage :139 - Sending password Password123 to [[ChromeDriver: chrome on WINDOWS (ac952838665c7a57563d1db63110159f)] -> xpath: //input[@id='passwd']]
2022-05-15 16:05:203 INFO  HomePage :146 - Setting BirthDate  16/7/1978 to [[ChromeDriver: chrome on WINDOWS (ac952838665c7a57563d1db63110159f)] -> xpath: //select[@id='days']] [[ChromeDriver: chrome on WINDOWS (ac952838665c7a57563d1db63110159f)] -> xpath: //select[@id='months']] [[ChromeDriver: chrome on WINDOWS (ac952838665c7a57563d1db63110159f)] -> xpath: //select[@id='years']]
2022-05-15 16:05:316 INFO  HomePage :151 - Clicking on Newsletter checkbox [[ChromeDriver: chrome on WINDOWS (ac952838665c7a57563d1db63110159f)] -> xpath: //input[@id='newsletter']]
2022-05-15 16:05:372 INFO  HomePage :156 - Clicking on offer checkbox [[ChromeDriver: chrome on WINDOWS (ac952838665c7a57563d1db63110159f)] -> xpath: //input[@id='optin']]
2022-05-15 16:05:445 INFO  HomePage :161 - Sending firstname Shankar to [[ChromeDriver: chrome on WINDOWS (ac952838665c7a57563d1db63110159f)] -> xpath: //input[@id='firstname']]
2022-05-15 16:05:484 INFO  HomePage :161 - Sending firstname Trivedi to [[ChromeDriver: chrome on WINDOWS (ac952838665c7a57563d1db63110159f)] -> xpath: //input[@id='firstname']]
2022-05-15 16:05:553 INFO  HomePage :171 - Sending company Facebook to [[ChromeDriver: chrome on WINDOWS (ac952838665c7a57563d1db63110159f)] -> xpath: //input[@id='company']]
2022-05-15 16:05:706 INFO  HomePage :177 - Sending Address 11 Golden street 11 Golden street to [[ChromeDriver: chrome on WINDOWS (ac952838665c7a57563d1db63110159f)] -> xpath: //input[@id='address1']] [[ChromeDriver: chrome on WINDOWS (ac952838665c7a57563d1db63110159f)] -> xpath: //input[@id='address2']]
2022-05-15 16:05:753 INFO  HomePage :197 - Setting Country United States to [[ChromeDriver: chrome on WINDOWS (ac952838665c7a57563d1db63110159f)] -> xpath: //select[@id='id_country']]
2022-05-15 16:05:829 INFO  HomePage :187 - setting state Texas to [[ChromeDriver: chrome on WINDOWS (ac952838665c7a57563d1db63110159f)] -> xpath: //select[@id='id_state']]
2022-05-15 16:05:896 INFO  HomePage :182 - Sending city Goa to [[ChromeDriver: chrome on WINDOWS (ac952838665c7a57563d1db63110159f)] -> xpath: //input[@id='city']]
2022-05-15 16:05:961 INFO  HomePage :192 - Sending Postcode 12005 to [[ChromeDriver: chrome on WINDOWS (ac952838665c7a57563d1db63110159f)] -> xpath: //input[@id='postcode']]
2022-05-15 16:05:33 INFO  HomePage :202 - Sending additional info not applicable to [[ChromeDriver: chrome on WINDOWS (ac952838665c7a57563d1db63110159f)] -> xpath: //textarea[@id='other']]
2022-05-15 16:05:117 INFO  HomePage :207 - Sending homephone 0011 456789123 to [[ChromeDriver: chrome on WINDOWS (ac952838665c7a57563d1db63110159f)] -> xpath: //input[@id='phone']]
2022-05-15 16:05:194 INFO  HomePage :212 - Sending mobile 0022 785432419 to [[ChromeDriver: chrome on WINDOWS (ac952838665c7a57563d1db63110159f)] -> xpath: //input[@id='phone_mobile']]
2022-05-15 16:05:270 INFO  HomePage :217 - Sending alias shankar_trivedi to [[ChromeDriver: chrome on WINDOWS (ac952838665c7a57563d1db63110159f)] -> xpath: //input[@id='alias']]
2022-05-15 16:05:645 INFO  HomePage :222 - Clicking on register button [[ChromeDriver: chrome on WINDOWS (ac952838665c7a57563d1db63110159f)] -> xpath: //button[@id='submitAccount']]
2022-05-15 16:05:661 INFO  HomePage :33 - Clicking on login link [[ChromeDriver: chrome on WINDOWS (ac952838665c7a57563d1db63110159f)] -> xpath: //h1[contains(text(),'My account')]]
2022-05-15 16:05:767 INFO  HomePage :59 - Getting Page HeaderProxy element for: DefaultElementLocator 'By.xpath: //h2[contains(text(),'Women')]'
2022-05-15 16:05:53 INFO  HomePage :43 - Clicking on Women tab [[ChromeDriver: chrome on WINDOWS (29e40ccc6f930f0a998b91ddb9598fef)] -> xpath: //a[@class='sf-with-ul' and contains(text(),'Women')]]
2022-05-15 16:05:78 INFO  HomePage :59 - Getting Page Header[[ChromeDriver: chrome on WINDOWS (29e40ccc6f930f0a998b91ddb9598fef)] -> xpath: //h2[contains(text(),'Women')]]
2022-05-15 16:05:235 INFO  HomePage :43 - Clicking on Women tab [[ChromeDriver: chrome on WINDOWS (26a0ce22feb801b1a3de2498af7ce8c2)] -> xpath: //a[@class='sf-with-ul' and contains(text(),'Women')]]
2022-05-15 16:05:697 INFO  HomePage :87 - Clicking on Blouse [[ChromeDriver: chrome on WINDOWS (26a0ce22feb801b1a3de2498af7ce8c2)] -> xpath: //body/div[@id='page']/div[2]/div[1]/div[3]/div[2]/ul[1]/li[2]/div[1]/div[2]/h5[1]/a[1]]
2022-05-15 16:05:970 INFO  HomePage :43 - Clicking on Women tab [[ChromeDriver: chrome on WINDOWS (2ab18df1bee2130079b2d696f68900d7)] -> xpath: //a[@class='sf-with-ul' and contains(text(),'Women')]]
2022-05-15 16:05:603 INFO  HomePage :92 - Clicking on Printed Dress [[ChromeDriver: chrome on WINDOWS (2ab18df1bee2130079b2d696f68900d7)] -> xpath: //body/div[@id='page']/div[2]/div[1]/div[3]/div[2]/ul[1]/li[3]/div[1]/div[2]/h5[1]/a[1]]
2022-05-15 16:05:931 INFO  HomePage :43 - Clicking on Women tab [[ChromeDriver: chrome on WINDOWS (659b83c730d4e57402800867d2dc5073)] -> xpath: //a[@class='sf-with-ul' and contains(text(),'Women')]]
2022-05-15 16:05:329 INFO  HomePage :96 - Clicking on Printed Chiffon Dress [[ChromeDriver: chrome on WINDOWS (659b83c730d4e57402800867d2dc5073)] -> xpath: //a[contains(text(),'Printed Chiffon Dress')]]
2022-05-15 16:05:102 INFO  HomePage :43 - Clicking on Women tab [[ChromeDriver: chrome on WINDOWS (ad0d720a593dd47c795ffe21f82cb378)] -> xpath: //a[@class='sf-with-ul' and contains(text(),'Women')]]
2022-05-15 16:05:823 INFO  HomePage :100 - Clicking on Printed Summer Dress with Price tag $28.98 [[ChromeDriver: chrome on WINDOWS (ad0d720a593dd47c795ffe21f82cb378)] -> xpath: //body/div[@id='page']/div[2]/div[1]/div[3]/div[2]/ul[1]/li[5]/div[1]/div[2]/h5[1]/a[1]]
2022-05-15 16:05:622 INFO  HomePage :43 - Clicking on Women tab [[ChromeDriver: chrome on WINDOWS (f1cb6565602c382e85e43c8bc8875ba5)] -> xpath: //a[@class='sf-with-ul' and contains(text(),'Women')]]
2022-05-15 16:05:644 INFO  HomePage :59 - Getting Page Header[[ChromeDriver: chrome on WINDOWS (f1cb6565602c382e85e43c8bc8875ba5)] -> xpath: //h2[contains(text(),'Women')]]
2022-05-15 16:05:169 INFO  HomePage :43 - Clicking on Women tab [[ChromeDriver: chrome on WINDOWS (bd9577c08e7111220ca017ef64ef7792)] -> xpath: //a[@class='sf-with-ul' and contains(text(),'Women')]]
2022-05-15 16:05:490 INFO  HomePage :87 - Clicking on Blouse [[ChromeDriver: chrome on WINDOWS (bd9577c08e7111220ca017ef64ef7792)] -> xpath: //body/div[@id='page']/div[2]/div[1]/div[3]/div[2]/ul[1]/li[2]/div[1]/div[2]/h5[1]/a[1]]
2022-05-15 16:05:271 INFO  HomePage :43 - Clicking on Women tab [[ChromeDriver: chrome on WINDOWS (2a518536d308bb67f372041089f0ec12)] -> xpath: //a[@class='sf-with-ul' and contains(text(),'Women')]]
2022-05-15 16:05:563 INFO  HomePage :92 - Clicking on Printed Dress [[ChromeDriver: chrome on WINDOWS (2a518536d308bb67f372041089f0ec12)] -> xpath: //body/div[@id='page']/div[2]/div[1]/div[3]/div[2]/ul[1]/li[3]/div[1]/div[2]/h5[1]/a[1]]
2022-05-15 16:05:182 INFO  HomePage :43 - Clicking on Women tab [[ChromeDriver: chrome on WINDOWS (ee53bcc55018957d24629582115b78f2)] -> xpath: //a[@class='sf-with-ul' and contains(text(),'Women')]]
2022-05-15 16:05:965 INFO  HomePage :96 - Clicking on Printed Chiffon Dress [[ChromeDriver: chrome on WINDOWS (ee53bcc55018957d24629582115b78f2)] -> xpath: //a[contains(text(),'Printed Chiffon Dress')]]
2022-05-15 16:05:901 INFO  HomePage :43 - Clicking on Women tab [[ChromeDriver: chrome on WINDOWS (79245cd915b543f3cac69cd3a602d495)] -> xpath: //a[@class='sf-with-ul' and contains(text(),'Women')]]
2022-05-15 16:05:529 INFO  HomePage :100 - Clicking on Printed Summer Dress with Price tag $28.98 [[ChromeDriver: chrome on WINDOWS (79245cd915b543f3cac69cd3a602d495)] -> xpath: //body/div[@id='page']/div[2]/div[1]/div[3]/div[2]/ul[1]/li[5]/div[1]/div[2]/h5[1]/a[1]]
2022-05-15 16:05:48 INFO  HomePage :43 - Clicking on Women tab [[ChromeDriver: chrome on WINDOWS (e832a3150b955067bd323ff0da4c392b)] -> xpath: //a[@class='sf-with-ul' and contains(text(),'Women')]]
2022-05-15 16:05:72 INFO  HomePage :59 - Getting Page Header[[ChromeDriver: chrome on WINDOWS (e832a3150b955067bd323ff0da4c392b)] -> xpath: //h2[contains(text(),'Women')]]
2022-05-15 16:05:80 INFO  HomePage :43 - Clicking on Women tab [[ChromeDriver: chrome on WINDOWS (9f48d04661b7e193583eef0909d30998)] -> xpath: //a[@class='sf-with-ul' and contains(text(),'Women')]]
2022-05-15 16:05:63 INFO  HomePage :87 - Clicking on Blouse [[ChromeDriver: chrome on WINDOWS (9f48d04661b7e193583eef0909d30998)] -> xpath: //body/div[@id='page']/div[2]/div[1]/div[3]/div[2]/ul[1]/li[2]/div[1]/div[2]/h5[1]/a[1]]
2022-05-15 16:05:263 INFO  HomePage :43 - Clicking on Women tab [[ChromeDriver: chrome on WINDOWS (066411b07436c8309a4faf757bc096a1)] -> xpath: //a[@class='sf-with-ul' and contains(text(),'Women')]]
2022-05-15 16:05:274 INFO  HomePage :92 - Clicking on Printed Dress [[ChromeDriver: chrome on WINDOWS (066411b07436c8309a4faf757bc096a1)] -> xpath: //body/div[@id='page']/div[2]/div[1]/div[3]/div[2]/ul[1]/li[3]/div[1]/div[2]/h5[1]/a[1]]
2022-05-15 16:05:539 INFO  HomePage :43 - Clicking on Women tab [[ChromeDriver: chrome on WINDOWS (e683405864d94384ee0386b8eca9a971)] -> xpath: //a[@class='sf-with-ul' and contains(text(),'Women')]]
2022-05-15 16:05:489 INFO  HomePage :96 - Clicking on Printed Chiffon Dress [[ChromeDriver: chrome on WINDOWS (e683405864d94384ee0386b8eca9a971)] -> xpath: //a[contains(text(),'Printed Chiffon Dress')]]
2022-05-15 16:05:95 INFO  HomePage :43 - Clicking on Women tab [[ChromeDriver: chrome on WINDOWS (5971a6aec43bc26cf926e93f7cf00f26)] -> xpath: //a[@class='sf-with-ul' and contains(text(),'Women')]]
2022-05-15 16:05:841 INFO  HomePage :100 - Clicking on Printed Summer Dress with Price tag $28.98 [[ChromeDriver: chrome on WINDOWS (5971a6aec43bc26cf926e93f7cf00f26)] -> xpath: //body/div[@id='page']/div[2]/div[1]/div[3]/div[2]/ul[1]/li[5]/div[1]/div[2]/h5[1]/a[1]]
2022-05-15 16:05:446 INFO  HomePage :63 - Clicking on Sign In [[ChromeDriver: chrome on WINDOWS (40a74cfba5418606f565f4f2a15ec1dd)] -> xpath: //a[contains(text(),'Sign in')]]
2022-05-15 16:05:628 INFO  HomePage :79 - Clicking on Create Account[[ChromeDriver: chrome on WINDOWS (40a74cfba5418606f565f4f2a15ec1dd)] -> xpath: //button[@id='SubmitCreate']]
2022-05-15 16:05:937 INFO  HomePage :119 - Clicking on Gender Radio [[ChromeDriver: chrome on WINDOWS (40a74cfba5418606f565f4f2a15ec1dd)] -> xpath: //input[@id='id_gender1']]
2022-05-15 16:05:21 INFO  HomePage :124 - Sending firstname Shankar to [[ChromeDriver: chrome on WINDOWS (40a74cfba5418606f565f4f2a15ec1dd)] -> xpath: //input[@id='customer_firstname']]
2022-05-15 16:05:100 INFO  HomePage :129 - Sending lastname Trivedi to [[ChromeDriver: chrome on WINDOWS (40a74cfba5418606f565f4f2a15ec1dd)] -> xpath: //input[@id='customer_lastname']]
2022-05-15 16:05:192 INFO  HomePage :139 - Sending password Password123 to [[ChromeDriver: chrome on WINDOWS (40a74cfba5418606f565f4f2a15ec1dd)] -> xpath: //input[@id='passwd']]
2022-05-15 16:05:427 INFO  HomePage :146 - Setting BirthDate  16/7/1978 to [[ChromeDriver: chrome on WINDOWS (40a74cfba5418606f565f4f2a15ec1dd)] -> xpath: //select[@id='days']] [[ChromeDriver: chrome on WINDOWS (40a74cfba5418606f565f4f2a15ec1dd)] -> xpath: //select[@id='months']] [[ChromeDriver: chrome on WINDOWS (40a74cfba5418606f565f4f2a15ec1dd)] -> xpath: //select[@id='years']]
2022-05-15 16:05:479 INFO  HomePage :151 - Clicking on Newsletter checkbox [[ChromeDriver: chrome on WINDOWS (40a74cfba5418606f565f4f2a15ec1dd)] -> xpath: //input[@id='newsletter']]
2022-05-15 16:05:593 INFO  HomePage :156 - Clicking on offer checkbox [[ChromeDriver: chrome on WINDOWS (40a74cfba5418606f565f4f2a15ec1dd)] -> xpath: //input[@id='optin']]
2022-05-15 16:05:677 INFO  HomePage :161 - Sending firstname Shankar to [[ChromeDriver: chrome on WINDOWS (40a74cfba5418606f565f4f2a15ec1dd)] -> xpath: //input[@id='firstname']]
2022-05-15 16:05:720 INFO  HomePage :161 - Sending firstname Trivedi to [[ChromeDriver: chrome on WINDOWS (40a74cfba5418606f565f4f2a15ec1dd)] -> xpath: //input[@id='firstname']]
2022-05-15 16:05:813 INFO  HomePage :171 - Sending company Facebook to [[ChromeDriver: chrome on WINDOWS (40a74cfba5418606f565f4f2a15ec1dd)] -> xpath: //input[@id='company']]
2022-05-15 16:05:991 INFO  HomePage :177 - Sending Address 11 Golden street 11 Golden street to [[ChromeDriver: chrome on WINDOWS (40a74cfba5418606f565f4f2a15ec1dd)] -> xpath: //input[@id='address1']] [[ChromeDriver: chrome on WINDOWS (40a74cfba5418606f565f4f2a15ec1dd)] -> xpath: //input[@id='address2']]
2022-05-15 16:05:49 INFO  HomePage :197 - Setting Country United States to [[ChromeDriver: chrome on WINDOWS (40a74cfba5418606f565f4f2a15ec1dd)] -> xpath: //select[@id='id_country']]
2022-05-15 16:05:135 INFO  HomePage :187 - setting state Texas to [[ChromeDriver: chrome on WINDOWS (40a74cfba5418606f565f4f2a15ec1dd)] -> xpath: //select[@id='id_state']]
2022-05-15 16:05:204 INFO  HomePage :182 - Sending city Goa to [[ChromeDriver: chrome on WINDOWS (40a74cfba5418606f565f4f2a15ec1dd)] -> xpath: //input[@id='city']]
2022-05-15 16:05:282 INFO  HomePage :192 - Sending Postcode 12005 to [[ChromeDriver: chrome on WINDOWS (40a74cfba5418606f565f4f2a15ec1dd)] -> xpath: //input[@id='postcode']]
2022-05-15 16:05:362 INFO  HomePage :202 - Sending additional info not applicable to [[ChromeDriver: chrome on WINDOWS (40a74cfba5418606f565f4f2a15ec1dd)] -> xpath: //textarea[@id='other']]
2022-05-15 16:05:439 INFO  HomePage :207 - Sending homephone 0011 456789123 to [[ChromeDriver: chrome on WINDOWS (40a74cfba5418606f565f4f2a15ec1dd)] -> xpath: //input[@id='phone']]
2022-05-15 16:05:520 INFO  HomePage :212 - Sending mobile 0022 785432419 to [[ChromeDriver: chrome on WINDOWS (40a74cfba5418606f565f4f2a15ec1dd)] -> xpath: //input[@id='phone_mobile']]
2022-05-15 16:05:598 INFO  HomePage :217 - Sending alias shankar_trivedi to [[ChromeDriver: chrome on WINDOWS (40a74cfba5418606f565f4f2a15ec1dd)] -> xpath: //input[@id='alias']]
2022-05-15 16:05:163 INFO  HomePage :222 - Clicking on register button [[ChromeDriver: chrome on WINDOWS (40a74cfba5418606f565f4f2a15ec1dd)] -> xpath: //button[@id='submitAccount']]
2022-05-15 16:05:181 INFO  HomePage :33 - Clicking on login link [[ChromeDriver: chrome on WINDOWS (40a74cfba5418606f565f4f2a15ec1dd)] -> xpath: //h1[contains(text(),'My account')]]
2022-05-15 16:05:900 INFO  HomePage :63 - Clicking on Sign In [[ChromeDriver: chrome on WINDOWS (4c6c3e4cdbfaf0dcc3672c457e074da8)] -> xpath: //a[contains(text(),'Sign in')]]
2022-05-15 16:05:917 INFO  HomePage :83 - Getting Page Header[[ChromeDriver: chrome on WINDOWS (4c6c3e4cdbfaf0dcc3672c457e074da8)] -> xpath: //h1[contains(text(),'Authentication')]]
2022-05-15 16:05:924 INFO  HomePage :63 - Clicking on Sign In [[ChromeDriver: chrome on WINDOWS (595f4d77cff24fded6f3f90d73fee6fa)] -> xpath: //a[contains(text(),'Sign in')]]
2022-05-15 16:05:47 INFO  HomePage :64 - Sending Password 123456 to [[ChromeDriver: chrome on WINDOWS (595f4d77cff24fded6f3f90d73fee6fa)] -> xpath: //input[@id='passwd']]
2022-05-15 16:05:51 INFO  HomePage :69 - Clicking on Sign IN [[ChromeDriver: chrome on WINDOWS (595f4d77cff24fded6f3f90d73fee6fa)] -> xpath: //button[@id='SubmitLogin']]
2022-05-15 16:05:66 INFO  HomePage :93 - Getting Error Message[[ChromeDriver: chrome on WINDOWS (595f4d77cff24fded6f3f90d73fee6fa)] -> xpath: //div[@class='alert alert-danger']//li]
2022-05-15 16:05:398 INFO  HomePage :63 - Clicking on Sign In [[ChromeDriver: chrome on WINDOWS (e99e537459d4f29712d4657e62322856)] -> xpath: //a[contains(text(),'Sign in')]]
2022-05-15 16:05:534 INFO  HomePage :64 - Sending Password  to [[ChromeDriver: chrome on WINDOWS (e99e537459d4f29712d4657e62322856)] -> xpath: //input[@id='passwd']]
2022-05-15 16:05:314 INFO  HomePage :69 - Clicking on Sign IN [[ChromeDriver: chrome on WINDOWS (e99e537459d4f29712d4657e62322856)] -> xpath: //button[@id='SubmitLogin']]
2022-05-15 16:05:329 INFO  HomePage :93 - Getting Error Message[[ChromeDriver: chrome on WINDOWS (e99e537459d4f29712d4657e62322856)] -> xpath: //div[@class='alert alert-danger']//li]
2022-05-15 16:05:845 INFO  HomePage :63 - Clicking on Sign In [[ChromeDriver: chrome on WINDOWS (f14a3be8255a1259b65acd3fc21d61c2)] -> xpath: //a[contains(text(),'Sign in')]]
2022-05-15 16:05:02 INFO  HomePage :64 - Sending Password 123456 to [[ChromeDriver: chrome on WINDOWS (f14a3be8255a1259b65acd3fc21d61c2)] -> xpath: //input[@id='passwd']]
2022-05-15 16:05:925 INFO  HomePage :69 - Clicking on Sign IN [[ChromeDriver: chrome on WINDOWS (f14a3be8255a1259b65acd3fc21d61c2)] -> xpath: //button[@id='SubmitLogin']]
2022-05-15 16:05:941 INFO  HomePage :93 - Getting Error Message[[ChromeDriver: chrome on WINDOWS (f14a3be8255a1259b65acd3fc21d61c2)] -> xpath: //div[@class='alert alert-danger']//li]
2022-05-15 16:05:108 INFO  HomePage :63 - Clicking on Sign In [[ChromeDriver: chrome on WINDOWS (0c661fece188c10b3cf19e0f670eed65)] -> xpath: //a[contains(text(),'Sign in')]]
2022-05-15 16:05:258 INFO  HomePage :64 - Sending Password 123456 to [[ChromeDriver: chrome on WINDOWS (0c661fece188c10b3cf19e0f670eed65)] -> xpath: //input[@id='passwd']]
2022-05-15 16:05:797 INFO  HomePage :69 - Clicking on Sign IN [[ChromeDriver: chrome on WINDOWS (0c661fece188c10b3cf19e0f670eed65)] -> xpath: //button[@id='SubmitLogin']]
2022-05-15 16:05:816 INFO  HomePage :93 - Getting Error Message[[ChromeDriver: chrome on WINDOWS (0c661fece188c10b3cf19e0f670eed65)] -> xpath: //div[@class='alert alert-danger']//li]
2022-05-15 16:05:199 INFO  HomePage :63 - Clicking on Sign In [[ChromeDriver: chrome on WINDOWS (ecf22cf316a8d3b84625af37744b8c39)] -> xpath: //a[contains(text(),'Sign in')]]
2022-05-15 16:05:372 INFO  HomePage :64 - Sending Password Password123 to [[ChromeDriver: chrome on WINDOWS (ecf22cf316a8d3b84625af37744b8c39)] -> xpath: //input[@id='passwd']]
2022-05-15 16:05:448 INFO  HomePage :69 - Clicking on Sign IN [[ChromeDriver: chrome on WINDOWS (ecf22cf316a8d3b84625af37744b8c39)] -> xpath: //button[@id='SubmitLogin']]
2022-05-15 16:05:133 INFO  HomePage :63 - Clicking on Sign In [[ChromeDriver: chrome on WINDOWS (50b94816dbe81d71c32c6a5f4f9d215e)] -> xpath: //a[contains(text(),'Sign in')]]
2022-05-15 16:05:295 INFO  HomePage :64 - Sending Password Password123 to [[ChromeDriver: chrome on WINDOWS (50b94816dbe81d71c32c6a5f4f9d215e)] -> xpath: //input[@id='passwd']]
2022-05-15 16:05:321 INFO  HomePage :69 - Clicking on Sign IN [[ChromeDriver: chrome on WINDOWS (50b94816dbe81d71c32c6a5f4f9d215e)] -> xpath: //button[@id='SubmitLogin']]
2022-05-15 16:05:285 INFO  HomePage :39 - Clicking on SignOut link [[ChromeDriver: chrome on WINDOWS (50b94816dbe81d71c32c6a5f4f9d215e)] -> xpath: //a[@title='Log me out']]
2022-05-15 16:05:303 INFO  HomePage :73 - Getting text of Sign IN [[ChromeDriver: chrome on WINDOWS (50b94816dbe81d71c32c6a5f4f9d215e)] -> xpath: //button[@id='SubmitLogin']]
2022-05-15 16:05:79 INFO  HomePage :43 - Clicking on Women tab [[ChromeDriver: chrome on WINDOWS (91667fd3feaa34fba3151987e2e2073d)] -> xpath: //a[@class='sf-with-ul' and contains(text(),'Women')]]
2022-05-15 16:05:94 INFO  HomePage :59 - Getting Page Header[[ChromeDriver: chrome on WINDOWS (91667fd3feaa34fba3151987e2e2073d)] -> xpath: //h2[contains(text(),'Women')]]
2022-05-15 16:05:104 INFO  HomePage :43 - Clicking on Women tab [[ChromeDriver: chrome on WINDOWS (42d96139821fb851221eb65d758a5f28)] -> xpath: //a[@class='sf-with-ul' and contains(text(),'Women')]]
2022-05-15 16:05:819 INFO  HomePage :87 - Clicking on Blouse [[ChromeDriver: chrome on WINDOWS (42d96139821fb851221eb65d758a5f28)] -> xpath: //body/div[@id='page']/div[2]/div[1]/div[3]/div[2]/ul[1]/li[2]/div[1]/div[2]/h5[1]/a[1]]
2022-05-15 16:05:591 INFO  HomePage :43 - Clicking on Women tab [[ChromeDriver: chrome on WINDOWS (e5f8f279ef2ef7c3f930e8a993e13e39)] -> xpath: //a[@class='sf-with-ul' and contains(text(),'Women')]]
2022-05-15 16:05:735 INFO  HomePage :92 - Clicking on Printed Dress [[ChromeDriver: chrome on WINDOWS (e5f8f279ef2ef7c3f930e8a993e13e39)] -> xpath: //body/div[@id='page']/div[2]/div[1]/div[3]/div[2]/ul[1]/li[3]/div[1]/div[2]/h5[1]/a[1]]
2022-05-15 16:05:787 INFO  HomePage :43 - Clicking on Women tab [[ChromeDriver: chrome on WINDOWS (55d4864d44a892821ac0cf7e73184862)] -> xpath: //a[@class='sf-with-ul' and contains(text(),'Women')]]
2022-05-15 16:05:51 INFO  HomePage :96 - Clicking on Printed Chiffon Dress [[ChromeDriver: chrome on WINDOWS (55d4864d44a892821ac0cf7e73184862)] -> xpath: //a[contains(text(),'Printed Chiffon Dress')]]
2022-05-15 16:05:519 INFO  HomePage :43 - Clicking on Women tab [[ChromeDriver: chrome on WINDOWS (9e9d69334ab2921e45160cafad706ed5)] -> xpath: //a[@class='sf-with-ul' and contains(text(),'Women')]]
2022-05-15 16:05:859 INFO  HomePage :100 - Clicking on Printed Summer Dress with Price tag $28.98 [[ChromeDriver: chrome on WINDOWS (9e9d69334ab2921e45160cafad706ed5)] -> xpath: //body/div[@id='page']/div[2]/div[1]/div[3]/div[2]/ul[1]/li[5]/div[1]/div[2]/h5[1]/a[1]]
